[2024-11-25 11:37:21] local.ERROR: Interface "App\Models\MustVerifyEmail" not found {"exception":"[object] (Error(code: 0): Interface \"App\\Models\\MustVerifyEmail\" not found at C:\\Users\\PIGIER\\Desktop\\laravel11-react-inertia\\app\\Models\\User.php:10)
[stacktrace]
#0 C:\\Users\\PIGIER\\Desktop\\laravel11-react-inertia\\vendor\\composer\\ClassLoader.php(576): include()
#1 C:\\Users\\PIGIER\\Desktop\\laravel11-react-inertia\\vendor\\composer\\ClassLoader.php(427): Composer\\Autoload\\{closure}()
#2 C:\\Users\\PIGIER\\Desktop\\laravel11-react-inertia\\vendor\\laravel\\framework\\src\\Illuminate\\Auth\\EloquentUserProvider.php(209): Composer\\Autoload\\ClassLoader->loadClass()
#3 C:\\Users\\PIGIER\\Desktop\\laravel11-react-inertia\\vendor\\laravel\\framework\\src\\Illuminate\\Auth\\EloquentUserProvider.php(55): Illuminate\\Auth\\EloquentUserProvider->createModel()
#4 C:\\Users\\PIGIER\\Desktop\\laravel11-react-inertia\\vendor\\laravel\\framework\\src\\Illuminate\\Auth\\SessionGuard.php(170): Illuminate\\Auth\\EloquentUserProvider->retrieveById()
#5 C:\\Users\\PIGIER\\Desktop\\laravel11-react-inertia\\vendor\\laravel\\framework\\src\\Illuminate\\Auth\\GuardHelpers.php(56): Illuminate\\Auth\\SessionGuard->user()
#6 C:\\Users\\PIGIER\\Desktop\\laravel11-react-inertia\\vendor\\laravel\\framework\\src\\Illuminate\\Auth\\Middleware\\Authenticate.php(83): Illuminate\\Auth\\SessionGuard->check()
#7 C:\\Users\\PIGIER\\Desktop\\laravel11-react-inertia\\vendor\\laravel\\framework\\src\\Illuminate\\Auth\\Middleware\\Authenticate.php(62): Illuminate\\Auth\\Middleware\\Authenticate->authenticate()
#8 C:\\Users\\PIGIER\\Desktop\\laravel11-react-inertia\\vendor\\laravel\\framework\\src\\Illuminate\\Pipeline\\Pipeline.php(183): Illuminate\\Auth\\Middleware\\Authenticate->handle()
#9 C:\\Users\\PIGIER\\Desktop\\laravel11-react-inertia\\vendor\\laravel\\framework\\src\\Illuminate\\Foundation\\Http\\Middleware\\VerifyCsrfToken.php(88): Illuminate\\Pipeline\\Pipeline->Illuminate\\Pipeline\\{closure}()
#10 C:\\Users\\PIGIER\\Desktop\\laravel11-react-inertia\\vendor\\laravel\\framework\\src\\Illuminate\\Pipeline\\Pipeline.php(183): Illuminate\\Foundation\\Http\\Middleware\\VerifyCsrfToken->handle()
#11 C:\\Users\\PIGIER\\Desktop\\laravel11-react-inertia\\vendor\\laravel\\framework\\src\\Illuminate\\View\\Middleware\\ShareErrorsFromSession.php(49): Illuminate\\Pipeline\\Pipeline->Illuminate\\Pipeline\\{closure}()
#12 C:\\Users\\PIGIER\\Desktop\\laravel11-react-inertia\\vendor\\laravel\\framework\\src\\Illuminate\\Pipeline\\Pipeline.php(183): Illuminate\\View\\Middleware\\ShareErrorsFromSession->handle()
#13 C:\\Users\\PIGIER\\Desktop\\laravel11-react-inertia\\vendor\\laravel\\framework\\src\\Illuminate\\Session\\Middleware\\StartSession.php(121): Illuminate\\Pipeline\\Pipeline->Illuminate\\Pipeline\\{closure}()
#14 C:\\Users\\PIGIER\\Desktop\\laravel11-react-inertia\\vendor\\laravel\\framework\\src\\Illuminate\\Session\\Middleware\\StartSession.php(64): Illuminate\\Session\\Middleware\\StartSession->handleStatefulRequest()
#15 C:\\Users\\PIGIER\\Desktop\\laravel11-react-inertia\\vendor\\laravel\\framework\\src\\Illuminate\\Pipeline\\Pipeline.php(183): Illuminate\\Session\\Middleware\\StartSession->handle()
#16 C:\\Users\\PIGIER\\Desktop\\laravel11-react-inertia\\vendor\\laravel\\framework\\src\\Illuminate\\Cookie\\Middleware\\AddQueuedCookiesToResponse.php(37): Illuminate\\Pipeline\\Pipeline->Illuminate\\Pipeline\\{closure}()
#17 C:\\Users\\PIGIER\\Desktop\\laravel11-react-inertia\\vendor\\laravel\\framework\\src\\Illuminate\\Pipeline\\Pipeline.php(183): Illuminate\\Cookie\\Middleware\\AddQueuedCookiesToResponse->handle()
#18 C:\\Users\\PIGIER\\Desktop\\laravel11-react-inertia\\vendor\\laravel\\framework\\src\\Illuminate\\Cookie\\Middleware\\EncryptCookies.php(75): Illuminate\\Pipeline\\Pipeline->Illuminate\\Pipeline\\{closure}()
#19 C:\\Users\\PIGIER\\Desktop\\laravel11-react-inertia\\vendor\\laravel\\framework\\src\\Illuminate\\Pipeline\\Pipeline.php(183): Illuminate\\Cookie\\Middleware\\EncryptCookies->handle()
#20 C:\\Users\\PIGIER\\Desktop\\laravel11-react-inertia\\vendor\\laravel\\framework\\src\\Illuminate\\Pipeline\\Pipeline.php(119): Illuminate\\Pipeline\\Pipeline->Illuminate\\Pipeline\\{closure}()
#21 C:\\Users\\PIGIER\\Desktop\\laravel11-react-inertia\\vendor\\laravel\\framework\\src\\Illuminate\\Routing\\Router.php(807): Illuminate\\Pipeline\\Pipeline->then()
#22 C:\\Users\\PIGIER\\Desktop\\laravel11-react-inertia\\vendor\\laravel\\framework\\src\\Illuminate\\Routing\\Router.php(786): Illuminate\\Routing\\Router->runRouteWithinStack()
#23 C:\\Users\\PIGIER\\Desktop\\laravel11-react-inertia\\vendor\\laravel\\framework\\src\\Illuminate\\Routing\\Router.php(750): Illuminate\\Routing\\Router->runRoute()
#24 C:\\Users\\PIGIER\\Desktop\\laravel11-react-inertia\\vendor\\laravel\\framework\\src\\Illuminate\\Routing\\Router.php(739): Illuminate\\Routing\\Router->dispatchToRoute()
#25 C:\\Users\\PIGIER\\Desktop\\laravel11-react-inertia\\vendor\\laravel\\framework\\src\\Illuminate\\Foundation\\Http\\Kernel.php(201): Illuminate\\Routing\\Router->dispatch()
#26 C:\\Users\\PIGIER\\Desktop\\laravel11-react-inertia\\vendor\\laravel\\framework\\src\\Illuminate\\Pipeline\\Pipeline.php(144): Illuminate\\Foundation\\Http\\Kernel->Illuminate\\Foundation\\Http\\{closure}()
#27 C:\\Users\\PIGIER\\Desktop\\laravel11-react-inertia\\vendor\\laravel\\framework\\src\\Illuminate\\Foundation\\Http\\Middleware\\TransformsRequest.php(21): Illuminate\\Pipeline\\Pipeline->Illuminate\\Pipeline\\{closure}()
#28 C:\\Users\\PIGIER\\Desktop\\laravel11-react-inertia\\vendor\\laravel\\framework\\src\\Illuminate\\Foundation\\Http\\Middleware\\ConvertEmptyStringsToNull.php(31): Illuminate\\Foundation\\Http\\Middleware\\TransformsRequest->handle()
#29 C:\\Users\\PIGIER\\Desktop\\laravel11-react-inertia\\vendor\\laravel\\framework\\src\\Illuminate\\Pipeline\\Pipeline.php(183): Illuminate\\Foundation\\Http\\Middleware\\ConvertEmptyStringsToNull->handle()
#30 C:\\Users\\PIGIER\\Desktop\\laravel11-react-inertia\\vendor\\laravel\\framework\\src\\Illuminate\\Foundation\\Http\\Middleware\\TransformsRequest.php(21): Illuminate\\Pipeline\\Pipeline->Illuminate\\Pipeline\\{closure}()
#31 C:\\Users\\PIGIER\\Desktop\\laravel11-react-inertia\\vendor\\laravel\\framework\\src\\Illuminate\\Foundation\\Http\\Middleware\\TrimStrings.php(51): Illuminate\\Foundation\\Http\\Middleware\\TransformsRequest->handle()
#32 C:\\Users\\PIGIER\\Desktop\\laravel11-react-inertia\\vendor\\laravel\\framework\\src\\Illuminate\\Pipeline\\Pipeline.php(183): Illuminate\\Foundation\\Http\\Middleware\\TrimStrings->handle()
#33 C:\\Users\\PIGIER\\Desktop\\laravel11-react-inertia\\vendor\\laravel\\framework\\src\\Illuminate\\Http\\Middleware\\ValidatePostSize.php(27): Illuminate\\Pipeline\\Pipeline->Illuminate\\Pipeline\\{closure}()
#34 C:\\Users\\PIGIER\\Desktop\\laravel11-react-inertia\\vendor\\laravel\\framework\\src\\Illuminate\\Pipeline\\Pipeline.php(183): Illuminate\\Http\\Middleware\\ValidatePostSize->handle()
#35 C:\\Users\\PIGIER\\Desktop\\laravel11-react-inertia\\vendor\\laravel\\framework\\src\\Illuminate\\Foundation\\Http\\Middleware\\PreventRequestsDuringMaintenance.php(110): Illuminate\\Pipeline\\Pipeline->Illuminate\\Pipeline\\{closure}()
#36 C:\\Users\\PIGIER\\Desktop\\laravel11-react-inertia\\vendor\\laravel\\framework\\src\\Illuminate\\Pipeline\\Pipeline.php(183): Illuminate\\Foundation\\Http\\Middleware\\PreventRequestsDuringMaintenance->handle()
#37 C:\\Users\\PIGIER\\Desktop\\laravel11-react-inertia\\vendor\\laravel\\framework\\src\\Illuminate\\Http\\Middleware\\HandleCors.php(49): Illuminate\\Pipeline\\Pipeline->Illuminate\\Pipeline\\{closure}()
#38 C:\\Users\\PIGIER\\Desktop\\laravel11-react-inertia\\vendor\\laravel\\framework\\src\\Illuminate\\Pipeline\\Pipeline.php(183): Illuminate\\Http\\Middleware\\HandleCors->handle()
#39 C:\\Users\\PIGIER\\Desktop\\laravel11-react-inertia\\vendor\\laravel\\framework\\src\\Illuminate\\Http\\Middleware\\TrustProxies.php(58): Illuminate\\Pipeline\\Pipeline->Illuminate\\Pipeline\\{closure}()
#40 C:\\Users\\PIGIER\\Desktop\\laravel11-react-inertia\\vendor\\laravel\\framework\\src\\Illuminate\\Pipeline\\Pipeline.php(183): Illuminate\\Http\\Middleware\\TrustProxies->handle()
#41 C:\\Users\\PIGIER\\Desktop\\laravel11-react-inertia\\vendor\\laravel\\framework\\src\\Illuminate\\Foundation\\Http\\Middleware\\InvokeDeferredCallbacks.php(22): Illuminate\\Pipeline\\Pipeline->Illuminate\\Pipeline\\{closure}()
#42 C:\\Users\\PIGIER\\Desktop\\laravel11-react-inertia\\vendor\\laravel\\framework\\src\\Illuminate\\Pipeline\\Pipeline.php(183): Illuminate\\Foundation\\Http\\Middleware\\InvokeDeferredCallbacks->handle()
#43 C:\\Users\\PIGIER\\Desktop\\laravel11-react-inertia\\vendor\\laravel\\framework\\src\\Illuminate\\Pipeline\\Pipeline.php(119): Illuminate\\Pipeline\\Pipeline->Illuminate\\Pipeline\\{closure}()
#44 C:\\Users\\PIGIER\\Desktop\\laravel11-react-inertia\\vendor\\laravel\\framework\\src\\Illuminate\\Foundation\\Http\\Kernel.php(176): Illuminate\\Pipeline\\Pipeline->then()
#45 C:\\Users\\PIGIER\\Desktop\\laravel11-react-inertia\\vendor\\laravel\\framework\\src\\Illuminate\\Foundation\\Http\\Kernel.php(145): Illuminate\\Foundation\\Http\\Kernel->sendRequestThroughRouter()
#46 C:\\Users\\PIGIER\\Desktop\\laravel11-react-inertia\\vendor\\laravel\\framework\\src\\Illuminate\\Foundation\\Application.php(1190): Illuminate\\Foundation\\Http\\Kernel->handle()
#47 C:\\Users\\PIGIER\\Desktop\\laravel11-react-inertia\\public\\index.php(17): Illuminate\\Foundation\\Application->handleRequest()
#48 C:\\Users\\PIGIER\\Desktop\\laravel11-react-inertia\\vendor\\laravel\\framework\\src\\Illuminate\\Foundation\\resources\\server.php(23): require_once('...')
#49 {main}
"} 
[2024-11-25 11:37:21] local.ERROR: Uncaught Error: Interface "App\Models\MustVerifyEmail" not found in C:\Users\PIGIER\Desktop\laravel11-react-inertia\app\Models\User.php:10
Stack trace:
#0 Command line code(1): include_once()
#1 {main}
  thrown {"exception":"[object] (Symfony\\Component\\ErrorHandler\\Error\\FatalError(code: 0): Uncaught Error: Interface \"App\\Models\\MustVerifyEmail\" not found in C:\\Users\\PIGIER\\Desktop\\laravel11-react-inertia\\app\\Models\\User.php:10
Stack trace:
#0 Command line code(1): include_once()
#1 {main}
  thrown at C:\\Users\\PIGIER\\Desktop\\laravel11-react-inertia\\app\\Models\\User.php:10)
[stacktrace]
#0 {main}
"} 
[2024-11-25 11:37:26] local.ERROR: Uncaught Error: Interface "App\Models\MustVerifyEmail" not found in C:\Users\PIGIER\Desktop\laravel11-react-inertia\app\Models\User.php:10
Stack trace:
#0 C:\Users\PIGIER\Desktop\laravel11-react-inertia\vendor\composer\ClassLoader.php(576): include()
#1 C:\Users\PIGIER\Desktop\laravel11-react-inertia\vendor\composer\ClassLoader.php(427): Composer\Autoload\{closure}()
#2 [internal function]: Composer\Autoload\ClassLoader->loadClass()
#3 Command line code(1): class_exists()
#4 [internal function]: {closure}()
#5 Command line code(1): array_filter()
#6 {main}
  thrown {"exception":"[object] (Symfony\\Component\\ErrorHandler\\Error\\FatalError(code: 0): Uncaught Error: Interface \"App\\Models\\MustVerifyEmail\" not found in C:\\Users\\PIGIER\\Desktop\\laravel11-react-inertia\\app\\Models\\User.php:10
Stack trace:
#0 C:\\Users\\PIGIER\\Desktop\\laravel11-react-inertia\\vendor\\composer\\ClassLoader.php(576): include()
#1 C:\\Users\\PIGIER\\Desktop\\laravel11-react-inertia\\vendor\\composer\\ClassLoader.php(427): Composer\\Autoload\\{closure}()
#2 [internal function]: Composer\\Autoload\\ClassLoader->loadClass()
#3 Command line code(1): class_exists()
#4 [internal function]: {closure}()
#5 Command line code(1): array_filter()
#6 {main}
  thrown at C:\\Users\\PIGIER\\Desktop\\laravel11-react-inertia\\app\\Models\\User.php:10)
[stacktrace]
#0 {main}
"} 
[2024-11-25 11:37:42] local.ERROR: Interface "App\Models\MustVerifyEmail" not found {"exception":"[object] (Error(code: 0): Interface \"App\\Models\\MustVerifyEmail\" not found at C:\\Users\\PIGIER\\Desktop\\laravel11-react-inertia\\app\\Models\\User.php:10)
[stacktrace]
#0 C:\\Users\\PIGIER\\Desktop\\laravel11-react-inertia\\vendor\\composer\\ClassLoader.php(576): include()
#1 C:\\Users\\PIGIER\\Desktop\\laravel11-react-inertia\\vendor\\composer\\ClassLoader.php(427): Composer\\Autoload\\{closure}()
#2 C:\\Users\\PIGIER\\Desktop\\laravel11-react-inertia\\vendor\\laravel\\framework\\src\\Illuminate\\Auth\\EloquentUserProvider.php(209): Composer\\Autoload\\ClassLoader->loadClass()
#3 C:\\Users\\PIGIER\\Desktop\\laravel11-react-inertia\\vendor\\laravel\\framework\\src\\Illuminate\\Auth\\EloquentUserProvider.php(55): Illuminate\\Auth\\EloquentUserProvider->createModel()
#4 C:\\Users\\PIGIER\\Desktop\\laravel11-react-inertia\\vendor\\laravel\\framework\\src\\Illuminate\\Auth\\SessionGuard.php(170): Illuminate\\Auth\\EloquentUserProvider->retrieveById()
#5 C:\\Users\\PIGIER\\Desktop\\laravel11-react-inertia\\vendor\\laravel\\framework\\src\\Illuminate\\Auth\\SessionGuard.php(241): Illuminate\\Auth\\SessionGuard->user()
#6 C:\\Users\\PIGIER\\Desktop\\laravel11-react-inertia\\vendor\\laravel\\framework\\src\\Illuminate\\Session\\DatabaseSessionHandler.php(221): Illuminate\\Auth\\SessionGuard->id()
#7 C:\\Users\\PIGIER\\Desktop\\laravel11-react-inertia\\vendor\\laravel\\framework\\src\\Illuminate\\Session\\DatabaseSessionHandler.php(208): Illuminate\\Session\\DatabaseSessionHandler->userId()
#8 C:\\Users\\PIGIER\\Desktop\\laravel11-react-inertia\\vendor\\laravel\\framework\\src\\Illuminate\\Session\\DatabaseSessionHandler.php(194): Illuminate\\Session\\DatabaseSessionHandler->addUserInformation()
#9 C:\\Users\\PIGIER\\Desktop\\laravel11-react-inertia\\vendor\\laravel\\framework\\src\\Illuminate\\Support\\helpers.php(380): Illuminate\\Session\\DatabaseSessionHandler->Illuminate\\Session\\{closure}()
#10 C:\\Users\\PIGIER\\Desktop\\laravel11-react-inertia\\vendor\\laravel\\framework\\src\\Illuminate\\Session\\DatabaseSessionHandler.php(193): tap()
#11 C:\\Users\\PIGIER\\Desktop\\laravel11-react-inertia\\vendor\\laravel\\framework\\src\\Illuminate\\Session\\DatabaseSessionHandler.php(133): Illuminate\\Session\\DatabaseSessionHandler->getDefaultPayload()
#12 C:\\Users\\PIGIER\\Desktop\\laravel11-react-inertia\\vendor\\laravel\\framework\\src\\Illuminate\\Session\\Store.php(172): Illuminate\\Session\\DatabaseSessionHandler->write()
#13 C:\\Users\\PIGIER\\Desktop\\laravel11-react-inertia\\vendor\\laravel\\framework\\src\\Illuminate\\Session\\Middleware\\StartSession.php(245): Illuminate\\Session\\Store->save()
#14 C:\\Users\\PIGIER\\Desktop\\laravel11-react-inertia\\vendor\\laravel\\framework\\src\\Illuminate\\Session\\Middleware\\StartSession.php(130): Illuminate\\Session\\Middleware\\StartSession->saveSession()
#15 C:\\Users\\PIGIER\\Desktop\\laravel11-react-inertia\\vendor\\laravel\\framework\\src\\Illuminate\\Session\\Middleware\\StartSession.php(64): Illuminate\\Session\\Middleware\\StartSession->handleStatefulRequest()
#16 C:\\Users\\PIGIER\\Desktop\\laravel11-react-inertia\\vendor\\laravel\\framework\\src\\Illuminate\\Pipeline\\Pipeline.php(183): Illuminate\\Session\\Middleware\\StartSession->handle()
#17 C:\\Users\\PIGIER\\Desktop\\laravel11-react-inertia\\vendor\\laravel\\framework\\src\\Illuminate\\Cookie\\Middleware\\AddQueuedCookiesToResponse.php(37): Illuminate\\Pipeline\\Pipeline->Illuminate\\Pipeline\\{closure}()
#18 C:\\Users\\PIGIER\\Desktop\\laravel11-react-inertia\\vendor\\laravel\\framework\\src\\Illuminate\\Pipeline\\Pipeline.php(183): Illuminate\\Cookie\\Middleware\\AddQueuedCookiesToResponse->handle()
#19 C:\\Users\\PIGIER\\Desktop\\laravel11-react-inertia\\vendor\\laravel\\framework\\src\\Illuminate\\Cookie\\Middleware\\EncryptCookies.php(75): Illuminate\\Pipeline\\Pipeline->Illuminate\\Pipeline\\{closure}()
#20 C:\\Users\\PIGIER\\Desktop\\laravel11-react-inertia\\vendor\\laravel\\framework\\src\\Illuminate\\Pipeline\\Pipeline.php(183): Illuminate\\Cookie\\Middleware\\EncryptCookies->handle()
#21 C:\\Users\\PIGIER\\Desktop\\laravel11-react-inertia\\vendor\\laravel\\framework\\src\\Illuminate\\Pipeline\\Pipeline.php(119): Illuminate\\Pipeline\\Pipeline->Illuminate\\Pipeline\\{closure}()
#22 C:\\Users\\PIGIER\\Desktop\\laravel11-react-inertia\\vendor\\laravel\\framework\\src\\Illuminate\\Routing\\Router.php(807): Illuminate\\Pipeline\\Pipeline->then()
#23 C:\\Users\\PIGIER\\Desktop\\laravel11-react-inertia\\vendor\\laravel\\framework\\src\\Illuminate\\Routing\\Router.php(786): Illuminate\\Routing\\Router->runRouteWithinStack()
#24 C:\\Users\\PIGIER\\Desktop\\laravel11-react-inertia\\vendor\\laravel\\framework\\src\\Illuminate\\Routing\\Router.php(750): Illuminate\\Routing\\Router->runRoute()
#25 C:\\Users\\PIGIER\\Desktop\\laravel11-react-inertia\\vendor\\laravel\\framework\\src\\Illuminate\\Routing\\Router.php(739): Illuminate\\Routing\\Router->dispatchToRoute()
#26 C:\\Users\\PIGIER\\Desktop\\laravel11-react-inertia\\vendor\\laravel\\framework\\src\\Illuminate\\Foundation\\Http\\Kernel.php(201): Illuminate\\Routing\\Router->dispatch()
#27 C:\\Users\\PIGIER\\Desktop\\laravel11-react-inertia\\vendor\\laravel\\framework\\src\\Illuminate\\Pipeline\\Pipeline.php(144): Illuminate\\Foundation\\Http\\Kernel->Illuminate\\Foundation\\Http\\{closure}()
#28 C:\\Users\\PIGIER\\Desktop\\laravel11-react-inertia\\vendor\\laravel\\framework\\src\\Illuminate\\Foundation\\Http\\Middleware\\TransformsRequest.php(21): Illuminate\\Pipeline\\Pipeline->Illuminate\\Pipeline\\{closure}()
#29 C:\\Users\\PIGIER\\Desktop\\laravel11-react-inertia\\vendor\\laravel\\framework\\src\\Illuminate\\Foundation\\Http\\Middleware\\ConvertEmptyStringsToNull.php(31): Illuminate\\Foundation\\Http\\Middleware\\TransformsRequest->handle()
#30 C:\\Users\\PIGIER\\Desktop\\laravel11-react-inertia\\vendor\\laravel\\framework\\src\\Illuminate\\Pipeline\\Pipeline.php(183): Illuminate\\Foundation\\Http\\Middleware\\ConvertEmptyStringsToNull->handle()
#31 C:\\Users\\PIGIER\\Desktop\\laravel11-react-inertia\\vendor\\laravel\\framework\\src\\Illuminate\\Foundation\\Http\\Middleware\\TransformsRequest.php(21): Illuminate\\Pipeline\\Pipeline->Illuminate\\Pipeline\\{closure}()
#32 C:\\Users\\PIGIER\\Desktop\\laravel11-react-inertia\\vendor\\laravel\\framework\\src\\Illuminate\\Foundation\\Http\\Middleware\\TrimStrings.php(51): Illuminate\\Foundation\\Http\\Middleware\\TransformsRequest->handle()
#33 C:\\Users\\PIGIER\\Desktop\\laravel11-react-inertia\\vendor\\laravel\\framework\\src\\Illuminate\\Pipeline\\Pipeline.php(183): Illuminate\\Foundation\\Http\\Middleware\\TrimStrings->handle()
#34 C:\\Users\\PIGIER\\Desktop\\laravel11-react-inertia\\vendor\\laravel\\framework\\src\\Illuminate\\Http\\Middleware\\ValidatePostSize.php(27): Illuminate\\Pipeline\\Pipeline->Illuminate\\Pipeline\\{closure}()
#35 C:\\Users\\PIGIER\\Desktop\\laravel11-react-inertia\\vendor\\laravel\\framework\\src\\Illuminate\\Pipeline\\Pipeline.php(183): Illuminate\\Http\\Middleware\\ValidatePostSize->handle()
#36 C:\\Users\\PIGIER\\Desktop\\laravel11-react-inertia\\vendor\\laravel\\framework\\src\\Illuminate\\Foundation\\Http\\Middleware\\PreventRequestsDuringMaintenance.php(110): Illuminate\\Pipeline\\Pipeline->Illuminate\\Pipeline\\{closure}()
#37 C:\\Users\\PIGIER\\Desktop\\laravel11-react-inertia\\vendor\\laravel\\framework\\src\\Illuminate\\Pipeline\\Pipeline.php(183): Illuminate\\Foundation\\Http\\Middleware\\PreventRequestsDuringMaintenance->handle()
#38 C:\\Users\\PIGIER\\Desktop\\laravel11-react-inertia\\vendor\\laravel\\framework\\src\\Illuminate\\Http\\Middleware\\HandleCors.php(49): Illuminate\\Pipeline\\Pipeline->Illuminate\\Pipeline\\{closure}()
#39 C:\\Users\\PIGIER\\Desktop\\laravel11-react-inertia\\vendor\\laravel\\framework\\src\\Illuminate\\Pipeline\\Pipeline.php(183): Illuminate\\Http\\Middleware\\HandleCors->handle()
#40 C:\\Users\\PIGIER\\Desktop\\laravel11-react-inertia\\vendor\\laravel\\framework\\src\\Illuminate\\Http\\Middleware\\TrustProxies.php(58): Illuminate\\Pipeline\\Pipeline->Illuminate\\Pipeline\\{closure}()
#41 C:\\Users\\PIGIER\\Desktop\\laravel11-react-inertia\\vendor\\laravel\\framework\\src\\Illuminate\\Pipeline\\Pipeline.php(183): Illuminate\\Http\\Middleware\\TrustProxies->handle()
#42 C:\\Users\\PIGIER\\Desktop\\laravel11-react-inertia\\vendor\\laravel\\framework\\src\\Illuminate\\Foundation\\Http\\Middleware\\InvokeDeferredCallbacks.php(22): Illuminate\\Pipeline\\Pipeline->Illuminate\\Pipeline\\{closure}()
#43 C:\\Users\\PIGIER\\Desktop\\laravel11-react-inertia\\vendor\\laravel\\framework\\src\\Illuminate\\Pipeline\\Pipeline.php(183): Illuminate\\Foundation\\Http\\Middleware\\InvokeDeferredCallbacks->handle()
#44 C:\\Users\\PIGIER\\Desktop\\laravel11-react-inertia\\vendor\\laravel\\framework\\src\\Illuminate\\Pipeline\\Pipeline.php(119): Illuminate\\Pipeline\\Pipeline->Illuminate\\Pipeline\\{closure}()
#45 C:\\Users\\PIGIER\\Desktop\\laravel11-react-inertia\\vendor\\laravel\\framework\\src\\Illuminate\\Foundation\\Http\\Kernel.php(176): Illuminate\\Pipeline\\Pipeline->then()
#46 C:\\Users\\PIGIER\\Desktop\\laravel11-react-inertia\\vendor\\laravel\\framework\\src\\Illuminate\\Foundation\\Http\\Kernel.php(145): Illuminate\\Foundation\\Http\\Kernel->sendRequestThroughRouter()
#47 C:\\Users\\PIGIER\\Desktop\\laravel11-react-inertia\\vendor\\laravel\\framework\\src\\Illuminate\\Foundation\\Application.php(1190): Illuminate\\Foundation\\Http\\Kernel->handle()
#48 C:\\Users\\PIGIER\\Desktop\\laravel11-react-inertia\\public\\index.php(17): Illuminate\\Foundation\\Application->handleRequest()
#49 C:\\Users\\PIGIER\\Desktop\\laravel11-react-inertia\\vendor\\laravel\\framework\\src\\Illuminate\\Foundation\\resources\\server.php(23): require_once('...')
#50 {main}
"} 
[2024-11-25 11:38:54] local.ERROR: Uncaught Error: Interface "App\Models\MustVerifyEmail" not found in C:\Users\PIGIER\Desktop\laravel11-react-inertia\app\Models\User.php:10
Stack trace:
#0 Command line code(1): include_once()
#1 {main}
  thrown {"exception":"[object] (Symfony\\Component\\ErrorHandler\\Error\\FatalError(code: 0): Uncaught Error: Interface \"App\\Models\\MustVerifyEmail\" not found in C:\\Users\\PIGIER\\Desktop\\laravel11-react-inertia\\app\\Models\\User.php:10
Stack trace:
#0 Command line code(1): include_once()
#1 {main}
  thrown at C:\\Users\\PIGIER\\Desktop\\laravel11-react-inertia\\app\\Models\\User.php:10)
[stacktrace]
#0 {main}
"} 
[2024-11-25 11:39:06] local.ERROR: Interface "App\Models\MustVerifyEmail" not found {"exception":"[object] (Error(code: 0): Interface \"App\\Models\\MustVerifyEmail\" not found at C:\\Users\\PIGIER\\Desktop\\laravel11-react-inertia\\app\\Models\\User.php:10)
[stacktrace]
#0 C:\\Users\\PIGIER\\Desktop\\laravel11-react-inertia\\vendor\\composer\\ClassLoader.php(576): include()
#1 C:\\Users\\PIGIER\\Desktop\\laravel11-react-inertia\\vendor\\composer\\ClassLoader.php(427): Composer\\Autoload\\{closure}()
#2 [internal function]: Composer\\Autoload\\ClassLoader->loadClass()
#3 C:\\Users\\PIGIER\\Desktop\\laravel11-react-inertia\\vendor\\laravel\\framework\\src\\Illuminate\\Validation\\Concerns\\ValidatesAttributes.php(1094): class_exists()
#4 C:\\Users\\PIGIER\\Desktop\\laravel11-react-inertia\\vendor\\laravel\\framework\\src\\Illuminate\\Validation\\Concerns\\ValidatesAttributes.php(999): Illuminate\\Validation\\Validator->parseTable()
#5 C:\\Users\\PIGIER\\Desktop\\laravel11-react-inertia\\vendor\\laravel\\framework\\src\\Illuminate\\Validation\\Validator.php(681): Illuminate\\Validation\\Validator->validateUnique()
#6 C:\\Users\\PIGIER\\Desktop\\laravel11-react-inertia\\vendor\\laravel\\framework\\src\\Illuminate\\Validation\\Validator.php(476): Illuminate\\Validation\\Validator->validateAttribute()
#7 C:\\Users\\PIGIER\\Desktop\\laravel11-react-inertia\\vendor\\laravel\\framework\\src\\Illuminate\\Validation\\Validator.php(511): Illuminate\\Validation\\Validator->passes()
#8 C:\\Users\\PIGIER\\Desktop\\laravel11-react-inertia\\vendor\\laravel\\framework\\src\\Illuminate\\Validation\\Validator.php(553): Illuminate\\Validation\\Validator->fails()
#9 C:\\Users\\PIGIER\\Desktop\\laravel11-react-inertia\\vendor\\laravel\\framework\\src\\Illuminate\\Foundation\\Providers\\FoundationServiceProvider.php(153): Illuminate\\Validation\\Validator->validate()
#10 C:\\Users\\PIGIER\\Desktop\\laravel11-react-inertia\\vendor\\laravel\\framework\\src\\Illuminate\\Macroable\\Traits\\Macroable.php(126): Illuminate\\Http\\Request->Illuminate\\Foundation\\Providers\\{closure}()
#11 C:\\Users\\PIGIER\\Desktop\\laravel11-react-inertia\\app\\Http\\Controllers\\Auth\\RegisteredUserController.php(33): Illuminate\\Http\\Request->__call()
#12 C:\\Users\\PIGIER\\Desktop\\laravel11-react-inertia\\vendor\\laravel\\framework\\src\\Illuminate\\Routing\\ControllerDispatcher.php(46): App\\Http\\Controllers\\Auth\\RegisteredUserController->store()
#13 C:\\Users\\PIGIER\\Desktop\\laravel11-react-inertia\\vendor\\laravel\\framework\\src\\Illuminate\\Routing\\Route.php(264): Illuminate\\Routing\\ControllerDispatcher->dispatch()
#14 C:\\Users\\PIGIER\\Desktop\\laravel11-react-inertia\\vendor\\laravel\\framework\\src\\Illuminate\\Routing\\Route.php(210): Illuminate\\Routing\\Route->runController()
#15 C:\\Users\\PIGIER\\Desktop\\laravel11-react-inertia\\vendor\\laravel\\framework\\src\\Illuminate\\Routing\\Router.php(808): Illuminate\\Routing\\Route->run()
#16 C:\\Users\\PIGIER\\Desktop\\laravel11-react-inertia\\vendor\\laravel\\framework\\src\\Illuminate\\Pipeline\\Pipeline.php(144): Illuminate\\Routing\\Router->Illuminate\\Routing\\{closure}()
#17 C:\\Users\\PIGIER\\Desktop\\laravel11-react-inertia\\vendor\\laravel\\framework\\src\\Illuminate\\Auth\\Middleware\\RedirectIfAuthenticated.php(35): Illuminate\\Pipeline\\Pipeline->Illuminate\\Pipeline\\{closure}()
#18 C:\\Users\\PIGIER\\Desktop\\laravel11-react-inertia\\vendor\\laravel\\framework\\src\\Illuminate\\Pipeline\\Pipeline.php(183): Illuminate\\Auth\\Middleware\\RedirectIfAuthenticated->handle()
#19 C:\\Users\\PIGIER\\Desktop\\laravel11-react-inertia\\vendor\\laravel\\framework\\src\\Illuminate\\Http\\Middleware\\AddLinkHeadersForPreloadedAssets.php(20): Illuminate\\Pipeline\\Pipeline->Illuminate\\Pipeline\\{closure}()
#20 C:\\Users\\PIGIER\\Desktop\\laravel11-react-inertia\\vendor\\laravel\\framework\\src\\Illuminate\\Pipeline\\Pipeline.php(183): Illuminate\\Http\\Middleware\\AddLinkHeadersForPreloadedAssets->handle()
#21 C:\\Users\\PIGIER\\Desktop\\laravel11-react-inertia\\vendor\\inertiajs\\inertia-laravel\\src\\Middleware.php(86): Illuminate\\Pipeline\\Pipeline->Illuminate\\Pipeline\\{closure}()
#22 C:\\Users\\PIGIER\\Desktop\\laravel11-react-inertia\\vendor\\laravel\\framework\\src\\Illuminate\\Pipeline\\Pipeline.php(183): Inertia\\Middleware->handle()
#23 C:\\Users\\PIGIER\\Desktop\\laravel11-react-inertia\\vendor\\laravel\\framework\\src\\Illuminate\\Routing\\Middleware\\SubstituteBindings.php(51): Illuminate\\Pipeline\\Pipeline->Illuminate\\Pipeline\\{closure}()
#24 C:\\Users\\PIGIER\\Desktop\\laravel11-react-inertia\\vendor\\laravel\\framework\\src\\Illuminate\\Pipeline\\Pipeline.php(183): Illuminate\\Routing\\Middleware\\SubstituteBindings->handle()
#25 C:\\Users\\PIGIER\\Desktop\\laravel11-react-inertia\\vendor\\laravel\\framework\\src\\Illuminate\\Foundation\\Http\\Middleware\\VerifyCsrfToken.php(88): Illuminate\\Pipeline\\Pipeline->Illuminate\\Pipeline\\{closure}()
#26 C:\\Users\\PIGIER\\Desktop\\laravel11-react-inertia\\vendor\\laravel\\framework\\src\\Illuminate\\Pipeline\\Pipeline.php(183): Illuminate\\Foundation\\Http\\Middleware\\VerifyCsrfToken->handle()
#27 C:\\Users\\PIGIER\\Desktop\\laravel11-react-inertia\\vendor\\laravel\\framework\\src\\Illuminate\\View\\Middleware\\ShareErrorsFromSession.php(49): Illuminate\\Pipeline\\Pipeline->Illuminate\\Pipeline\\{closure}()
#28 C:\\Users\\PIGIER\\Desktop\\laravel11-react-inertia\\vendor\\laravel\\framework\\src\\Illuminate\\Pipeline\\Pipeline.php(183): Illuminate\\View\\Middleware\\ShareErrorsFromSession->handle()
#29 C:\\Users\\PIGIER\\Desktop\\laravel11-react-inertia\\vendor\\laravel\\framework\\src\\Illuminate\\Session\\Middleware\\StartSession.php(121): Illuminate\\Pipeline\\Pipeline->Illuminate\\Pipeline\\{closure}()
#30 C:\\Users\\PIGIER\\Desktop\\laravel11-react-inertia\\vendor\\laravel\\framework\\src\\Illuminate\\Session\\Middleware\\StartSession.php(64): Illuminate\\Session\\Middleware\\StartSession->handleStatefulRequest()
#31 C:\\Users\\PIGIER\\Desktop\\laravel11-react-inertia\\vendor\\laravel\\framework\\src\\Illuminate\\Pipeline\\Pipeline.php(183): Illuminate\\Session\\Middleware\\StartSession->handle()
#32 C:\\Users\\PIGIER\\Desktop\\laravel11-react-inertia\\vendor\\laravel\\framework\\src\\Illuminate\\Cookie\\Middleware\\AddQueuedCookiesToResponse.php(37): Illuminate\\Pipeline\\Pipeline->Illuminate\\Pipeline\\{closure}()
#33 C:\\Users\\PIGIER\\Desktop\\laravel11-react-inertia\\vendor\\laravel\\framework\\src\\Illuminate\\Pipeline\\Pipeline.php(183): Illuminate\\Cookie\\Middleware\\AddQueuedCookiesToResponse->handle()
#34 C:\\Users\\PIGIER\\Desktop\\laravel11-react-inertia\\vendor\\laravel\\framework\\src\\Illuminate\\Cookie\\Middleware\\EncryptCookies.php(75): Illuminate\\Pipeline\\Pipeline->Illuminate\\Pipeline\\{closure}()
#35 C:\\Users\\PIGIER\\Desktop\\laravel11-react-inertia\\vendor\\laravel\\framework\\src\\Illuminate\\Pipeline\\Pipeline.php(183): Illuminate\\Cookie\\Middleware\\EncryptCookies->handle()
#36 C:\\Users\\PIGIER\\Desktop\\laravel11-react-inertia\\vendor\\laravel\\framework\\src\\Illuminate\\Pipeline\\Pipeline.php(119): Illuminate\\Pipeline\\Pipeline->Illuminate\\Pipeline\\{closure}()
#37 C:\\Users\\PIGIER\\Desktop\\laravel11-react-inertia\\vendor\\laravel\\framework\\src\\Illuminate\\Routing\\Router.php(807): Illuminate\\Pipeline\\Pipeline->then()
#38 C:\\Users\\PIGIER\\Desktop\\laravel11-react-inertia\\vendor\\laravel\\framework\\src\\Illuminate\\Routing\\Router.php(786): Illuminate\\Routing\\Router->runRouteWithinStack()
#39 C:\\Users\\PIGIER\\Desktop\\laravel11-react-inertia\\vendor\\laravel\\framework\\src\\Illuminate\\Routing\\Router.php(750): Illuminate\\Routing\\Router->runRoute()
#40 C:\\Users\\PIGIER\\Desktop\\laravel11-react-inertia\\vendor\\laravel\\framework\\src\\Illuminate\\Routing\\Router.php(739): Illuminate\\Routing\\Router->dispatchToRoute()
#41 C:\\Users\\PIGIER\\Desktop\\laravel11-react-inertia\\vendor\\laravel\\framework\\src\\Illuminate\\Foundation\\Http\\Kernel.php(201): Illuminate\\Routing\\Router->dispatch()
#42 C:\\Users\\PIGIER\\Desktop\\laravel11-react-inertia\\vendor\\laravel\\framework\\src\\Illuminate\\Pipeline\\Pipeline.php(144): Illuminate\\Foundation\\Http\\Kernel->Illuminate\\Foundation\\Http\\{closure}()
#43 C:\\Users\\PIGIER\\Desktop\\laravel11-react-inertia\\vendor\\laravel\\framework\\src\\Illuminate\\Foundation\\Http\\Middleware\\TransformsRequest.php(21): Illuminate\\Pipeline\\Pipeline->Illuminate\\Pipeline\\{closure}()
#44 C:\\Users\\PIGIER\\Desktop\\laravel11-react-inertia\\vendor\\laravel\\framework\\src\\Illuminate\\Foundation\\Http\\Middleware\\ConvertEmptyStringsToNull.php(31): Illuminate\\Foundation\\Http\\Middleware\\TransformsRequest->handle()
#45 C:\\Users\\PIGIER\\Desktop\\laravel11-react-inertia\\vendor\\laravel\\framework\\src\\Illuminate\\Pipeline\\Pipeline.php(183): Illuminate\\Foundation\\Http\\Middleware\\ConvertEmptyStringsToNull->handle()
#46 C:\\Users\\PIGIER\\Desktop\\laravel11-react-inertia\\vendor\\laravel\\framework\\src\\Illuminate\\Foundation\\Http\\Middleware\\TransformsRequest.php(21): Illuminate\\Pipeline\\Pipeline->Illuminate\\Pipeline\\{closure}()
#47 C:\\Users\\PIGIER\\Desktop\\laravel11-react-inertia\\vendor\\laravel\\framework\\src\\Illuminate\\Foundation\\Http\\Middleware\\TrimStrings.php(51): Illuminate\\Foundation\\Http\\Middleware\\TransformsRequest->handle()
#48 C:\\Users\\PIGIER\\Desktop\\laravel11-react-inertia\\vendor\\laravel\\framework\\src\\Illuminate\\Pipeline\\Pipeline.php(183): Illuminate\\Foundation\\Http\\Middleware\\TrimStrings->handle()
#49 C:\\Users\\PIGIER\\Desktop\\laravel11-react-inertia\\vendor\\laravel\\framework\\src\\Illuminate\\Http\\Middleware\\ValidatePostSize.php(27): Illuminate\\Pipeline\\Pipeline->Illuminate\\Pipeline\\{closure}()
#50 C:\\Users\\PIGIER\\Desktop\\laravel11-react-inertia\\vendor\\laravel\\framework\\src\\Illuminate\\Pipeline\\Pipeline.php(183): Illuminate\\Http\\Middleware\\ValidatePostSize->handle()
#51 C:\\Users\\PIGIER\\Desktop\\laravel11-react-inertia\\vendor\\laravel\\framework\\src\\Illuminate\\Foundation\\Http\\Middleware\\PreventRequestsDuringMaintenance.php(110): Illuminate\\Pipeline\\Pipeline->Illuminate\\Pipeline\\{closure}()
#52 C:\\Users\\PIGIER\\Desktop\\laravel11-react-inertia\\vendor\\laravel\\framework\\src\\Illuminate\\Pipeline\\Pipeline.php(183): Illuminate\\Foundation\\Http\\Middleware\\PreventRequestsDuringMaintenance->handle()
#53 C:\\Users\\PIGIER\\Desktop\\laravel11-react-inertia\\vendor\\laravel\\framework\\src\\Illuminate\\Http\\Middleware\\HandleCors.php(49): Illuminate\\Pipeline\\Pipeline->Illuminate\\Pipeline\\{closure}()
#54 C:\\Users\\PIGIER\\Desktop\\laravel11-react-inertia\\vendor\\laravel\\framework\\src\\Illuminate\\Pipeline\\Pipeline.php(183): Illuminate\\Http\\Middleware\\HandleCors->handle()
#55 C:\\Users\\PIGIER\\Desktop\\laravel11-react-inertia\\vendor\\laravel\\framework\\src\\Illuminate\\Http\\Middleware\\TrustProxies.php(58): Illuminate\\Pipeline\\Pipeline->Illuminate\\Pipeline\\{closure}()
#56 C:\\Users\\PIGIER\\Desktop\\laravel11-react-inertia\\vendor\\laravel\\framework\\src\\Illuminate\\Pipeline\\Pipeline.php(183): Illuminate\\Http\\Middleware\\TrustProxies->handle()
#57 C:\\Users\\PIGIER\\Desktop\\laravel11-react-inertia\\vendor\\laravel\\framework\\src\\Illuminate\\Foundation\\Http\\Middleware\\InvokeDeferredCallbacks.php(22): Illuminate\\Pipeline\\Pipeline->Illuminate\\Pipeline\\{closure}()
#58 C:\\Users\\PIGIER\\Desktop\\laravel11-react-inertia\\vendor\\laravel\\framework\\src\\Illuminate\\Pipeline\\Pipeline.php(183): Illuminate\\Foundation\\Http\\Middleware\\InvokeDeferredCallbacks->handle()
#59 C:\\Users\\PIGIER\\Desktop\\laravel11-react-inertia\\vendor\\laravel\\framework\\src\\Illuminate\\Pipeline\\Pipeline.php(119): Illuminate\\Pipeline\\Pipeline->Illuminate\\Pipeline\\{closure}()
#60 C:\\Users\\PIGIER\\Desktop\\laravel11-react-inertia\\vendor\\laravel\\framework\\src\\Illuminate\\Foundation\\Http\\Kernel.php(176): Illuminate\\Pipeline\\Pipeline->then()
#61 C:\\Users\\PIGIER\\Desktop\\laravel11-react-inertia\\vendor\\laravel\\framework\\src\\Illuminate\\Foundation\\Http\\Kernel.php(145): Illuminate\\Foundation\\Http\\Kernel->sendRequestThroughRouter()
#62 C:\\Users\\PIGIER\\Desktop\\laravel11-react-inertia\\vendor\\laravel\\framework\\src\\Illuminate\\Foundation\\Application.php(1190): Illuminate\\Foundation\\Http\\Kernel->handle()
#63 C:\\Users\\PIGIER\\Desktop\\laravel11-react-inertia\\public\\index.php(17): Illuminate\\Foundation\\Application->handleRequest()
#64 C:\\Users\\PIGIER\\Desktop\\laravel11-react-inertia\\vendor\\laravel\\framework\\src\\Illuminate\\Foundation\\resources\\server.php(23): require_once('...')
#65 {main}
"} 
[2024-11-25 11:39:23] local.ERROR: Uncaught Error: Interface "App\Models\MustVerifyEmail" not found in C:\Users\PIGIER\Desktop\laravel11-react-inertia\app\Models\User.php:10
Stack trace:
#0 C:\Users\PIGIER\Desktop\laravel11-react-inertia\vendor\composer\ClassLoader.php(576): include()
#1 C:\Users\PIGIER\Desktop\laravel11-react-inertia\vendor\composer\ClassLoader.php(427): Composer\Autoload\{closure}()
#2 [internal function]: Composer\Autoload\ClassLoader->loadClass()
#3 Command line code(1): class_exists()
#4 [internal function]: {closure}()
#5 Command line code(1): array_filter()
#6 {main}
  thrown {"exception":"[object] (Symfony\\Component\\ErrorHandler\\Error\\FatalError(code: 0): Uncaught Error: Interface \"App\\Models\\MustVerifyEmail\" not found in C:\\Users\\PIGIER\\Desktop\\laravel11-react-inertia\\app\\Models\\User.php:10
Stack trace:
#0 C:\\Users\\PIGIER\\Desktop\\laravel11-react-inertia\\vendor\\composer\\ClassLoader.php(576): include()
#1 C:\\Users\\PIGIER\\Desktop\\laravel11-react-inertia\\vendor\\composer\\ClassLoader.php(427): Composer\\Autoload\\{closure}()
#2 [internal function]: Composer\\Autoload\\ClassLoader->loadClass()
#3 Command line code(1): class_exists()
#4 [internal function]: {closure}()
#5 Command line code(1): array_filter()
#6 {main}
  thrown at C:\\Users\\PIGIER\\Desktop\\laravel11-react-inertia\\app\\Models\\User.php:10)
[stacktrace]
#0 {main}
"} 
[2024-11-25 11:40:16] local.ERROR: Uncaught Error: Interface "App\Models\MustVerifyEmail" not found in C:\Users\PIGIER\Desktop\laravel11-react-inertia\app\Models\User.php:10
Stack trace:
#0 Command line code(1): include_once()
#1 {main}
  thrown {"exception":"[object] (Symfony\\Component\\ErrorHandler\\Error\\FatalError(code: 0): Uncaught Error: Interface \"App\\Models\\MustVerifyEmail\" not found in C:\\Users\\PIGIER\\Desktop\\laravel11-react-inertia\\app\\Models\\User.php:10
Stack trace:
#0 Command line code(1): include_once()
#1 {main}
  thrown at C:\\Users\\PIGIER\\Desktop\\laravel11-react-inertia\\app\\Models\\User.php:10)
[stacktrace]
#0 {main}
"} 
[2024-11-25 11:40:23] local.ERROR: Uncaught Error: Interface "App\Models\MustVerifyEmail" not found in C:\Users\PIGIER\Desktop\laravel11-react-inertia\app\Models\User.php:10
Stack trace:
#0 C:\Users\PIGIER\Desktop\laravel11-react-inertia\vendor\composer\ClassLoader.php(576): include()
#1 C:\Users\PIGIER\Desktop\laravel11-react-inertia\vendor\composer\ClassLoader.php(427): Composer\Autoload\{closure}()
#2 [internal function]: Composer\Autoload\ClassLoader->loadClass()
#3 Command line code(1): class_exists()
#4 [internal function]: {closure}()
#5 Command line code(1): array_filter()
#6 {main}
  thrown {"exception":"[object] (Symfony\\Component\\ErrorHandler\\Error\\FatalError(code: 0): Uncaught Error: Interface \"App\\Models\\MustVerifyEmail\" not found in C:\\Users\\PIGIER\\Desktop\\laravel11-react-inertia\\app\\Models\\User.php:10
Stack trace:
#0 C:\\Users\\PIGIER\\Desktop\\laravel11-react-inertia\\vendor\\composer\\ClassLoader.php(576): include()
#1 C:\\Users\\PIGIER\\Desktop\\laravel11-react-inertia\\vendor\\composer\\ClassLoader.php(427): Composer\\Autoload\\{closure}()
#2 [internal function]: Composer\\Autoload\\ClassLoader->loadClass()
#3 Command line code(1): class_exists()
#4 [internal function]: {closure}()
#5 Command line code(1): array_filter()
#6 {main}
  thrown at C:\\Users\\PIGIER\\Desktop\\laravel11-react-inertia\\app\\Models\\User.php:10)
[stacktrace]
#0 {main}
"} 
[2024-11-25 11:41:23] local.ERROR: Uncaught Error: Interface "App\Models\MustVerifyEmail" not found in C:\Users\PIGIER\Desktop\laravel11-react-inertia\app\Models\User.php:10
Stack trace:
#0 C:\Users\PIGIER\Desktop\laravel11-react-inertia\vendor\composer\ClassLoader.php(576): include()
#1 C:\Users\PIGIER\Desktop\laravel11-react-inertia\vendor\composer\ClassLoader.php(427): Composer\Autoload\{closure}()
#2 [internal function]: Composer\Autoload\ClassLoader->loadClass()
#3 Command line code(1): class_exists()
#4 [internal function]: {closure}()
#5 Command line code(1): array_filter()
#6 {main}
  thrown {"exception":"[object] (Symfony\\Component\\ErrorHandler\\Error\\FatalError(code: 0): Uncaught Error: Interface \"App\\Models\\MustVerifyEmail\" not found in C:\\Users\\PIGIER\\Desktop\\laravel11-react-inertia\\app\\Models\\User.php:10
Stack trace:
#0 C:\\Users\\PIGIER\\Desktop\\laravel11-react-inertia\\vendor\\composer\\ClassLoader.php(576): include()
#1 C:\\Users\\PIGIER\\Desktop\\laravel11-react-inertia\\vendor\\composer\\ClassLoader.php(427): Composer\\Autoload\\{closure}()
#2 [internal function]: Composer\\Autoload\\ClassLoader->loadClass()
#3 Command line code(1): class_exists()
#4 [internal function]: {closure}()
#5 Command line code(1): array_filter()
#6 {main}
  thrown at C:\\Users\\PIGIER\\Desktop\\laravel11-react-inertia\\app\\Models\\User.php:10)
[stacktrace]
#0 {main}
"} 
[2024-11-25 11:42:23] local.ERROR: Uncaught Error: Interface "App\Models\MustVerifyEmail" not found in C:\Users\PIGIER\Desktop\laravel11-react-inertia\app\Models\User.php:10
Stack trace:
#0 C:\Users\PIGIER\Desktop\laravel11-react-inertia\vendor\composer\ClassLoader.php(576): include()
#1 C:\Users\PIGIER\Desktop\laravel11-react-inertia\vendor\composer\ClassLoader.php(427): Composer\Autoload\{closure}()
#2 [internal function]: Composer\Autoload\ClassLoader->loadClass()
#3 Command line code(1): class_exists()
#4 [internal function]: {closure}()
#5 Command line code(1): array_filter()
#6 {main}
  thrown {"exception":"[object] (Symfony\\Component\\ErrorHandler\\Error\\FatalError(code: 0): Uncaught Error: Interface \"App\\Models\\MustVerifyEmail\" not found in C:\\Users\\PIGIER\\Desktop\\laravel11-react-inertia\\app\\Models\\User.php:10
Stack trace:
#0 C:\\Users\\PIGIER\\Desktop\\laravel11-react-inertia\\vendor\\composer\\ClassLoader.php(576): include()
#1 C:\\Users\\PIGIER\\Desktop\\laravel11-react-inertia\\vendor\\composer\\ClassLoader.php(427): Composer\\Autoload\\{closure}()
#2 [internal function]: Composer\\Autoload\\ClassLoader->loadClass()
#3 Command line code(1): class_exists()
#4 [internal function]: {closure}()
#5 Command line code(1): array_filter()
#6 {main}
  thrown at C:\\Users\\PIGIER\\Desktop\\laravel11-react-inertia\\app\\Models\\User.php:10)
[stacktrace]
#0 {main}
"} 
